Performing C SOURCE FILE Test CMAKE_HAVE_LIBC_PTHREAD failed with the following output:
Change Dir: /data/Abdo/Abdo/Abdos University work/Fall 2020/distributed/project/src/cmake-build-debug/CMakeFiles/CMakeTmp

Run Build Command(s):/sbin/make cmTC_866cf/fast && /sbin/make  -f CMakeFiles/cmTC_866cf.dir/build.make CMakeFiles/cmTC_866cf.dir/build
make[1]: Entering directory '/data/Abdo/Abdo/Abdos University work/Fall 2020/distributed/project/src/cmake-build-debug/CMakeFiles/CMakeTmp'
Building C object CMakeFiles/cmTC_866cf.dir/src.c.o
/bin/gcc -DCMAKE_HAVE_LIBC_PTHREAD   -o CMakeFiles/cmTC_866cf.dir/src.c.o -c "/data/Abdo/Abdo/Abdos University work/Fall 2020/distributed/project/src/cmake-build-debug/CMakeFiles/CMakeTmp/src.c"
Linking C executable cmTC_866cf
/usr/bin/cmake -E cmake_link_script CMakeFiles/cmTC_866cf.dir/link.txt --verbose=1
/bin/gcc CMakeFiles/cmTC_866cf.dir/src.c.o -o cmTC_866cf 
/sbin/ld: CMakeFiles/cmTC_866cf.dir/src.c.o: in function `main':
src.c:(.text+0x3e): undefined reference to `pthread_create'
/sbin/ld: src.c:(.text+0x4a): undefined reference to `pthread_detach'
/sbin/ld: src.c:(.text+0x56): undefined reference to `pthread_cancel'
/sbin/ld: src.c:(.text+0x67): undefined reference to `pthread_join'
collect2: error: ld returned 1 exit status
make[1]: *** [CMakeFiles/cmTC_866cf.dir/build.make:106: cmTC_866cf] Error 1
make[1]: Leaving directory '/data/Abdo/Abdo/Abdos University work/Fall 2020/distributed/project/src/cmake-build-debug/CMakeFiles/CMakeTmp'
make: *** [Makefile:140: cmTC_866cf/fast] Error 2


Source file was:
#include <pthread.h>

static void* test_func(void* data)
{
  return data;
}

int main(void)
{
  pthread_t thread;
  pthread_create(&thread, NULL, test_func, NULL);
  pthread_detach(thread);
  pthread_cancel(thread);
  pthread_join(thread, NULL);
  pthread_atfork(NULL, NULL, NULL);
  pthread_exit(NULL);

  return 0;
}

Determining if the function pthread_create exists in the pthreads failed with the following output:
Change Dir: /data/Abdo/Abdo/Abdos University work/Fall 2020/distributed/project/src/cmake-build-debug/CMakeFiles/CMakeTmp

Run Build Command(s):/sbin/make cmTC_3642f/fast && /sbin/make  -f CMakeFiles/cmTC_3642f.dir/build.make CMakeFiles/cmTC_3642f.dir/build
make[1]: Entering directory '/data/Abdo/Abdo/Abdos University work/Fall 2020/distributed/project/src/cmake-build-debug/CMakeFiles/CMakeTmp'
Building C object CMakeFiles/cmTC_3642f.dir/CheckFunctionExists.c.o
/bin/gcc   -DCHECK_FUNCTION_EXISTS=pthread_create -o CMakeFiles/cmTC_3642f.dir/CheckFunctionExists.c.o -c /usr/share/cmake-3.19/Modules/CheckFunctionExists.c
Linking C executable cmTC_3642f
/usr/bin/cmake -E cmake_link_script CMakeFiles/cmTC_3642f.dir/link.txt --verbose=1
/bin/gcc  -DCHECK_FUNCTION_EXISTS=pthread_create CMakeFiles/cmTC_3642f.dir/CheckFunctionExists.c.o -o cmTC_3642f  -lpthreads 
/sbin/ld: cannot find -lpthreads
collect2: error: ld returned 1 exit status
make[1]: *** [CMakeFiles/cmTC_3642f.dir/build.make:106: cmTC_3642f] Error 1
make[1]: Leaving directory '/data/Abdo/Abdo/Abdos University work/Fall 2020/distributed/project/src/cmake-build-debug/CMakeFiles/CMakeTmp'
make: *** [Makefile:140: cmTC_3642f/fast] Error 2



